The system is: Windows - 10.0.22621 - AMD64
The system is: Windows - 10.0.22621 - AMD64
Compiling the C compiler identification source file "CMakeCCompilerId.c" succeeded.
Compiler: C:/MinGW/bin/gcc.exe 
Build flags: 
Id flags:  

The output was:
0


Compilation of the C compiler identification source "CMakeCCompilerId.c" produced "a.exe"

The C compiler identification is GNU, found in "D:/c_c++/learn_vulkan/project_1/build/CMakeFiles/3.23.1/CompilerIdC/a.exe"

Compiling the CXX compiler identification source file "CMakeCXXCompilerId.cpp" succeeded.
Compiler: C:/MinGW/bin/g++.exe 
Build flags: 
Id flags:  

The output was:
0


Compilation of the CXX compiler identification source "CMakeCXXCompilerId.cpp" produced "a.exe"

The CXX compiler identification is GNU, found in "D:/c_c++/learn_vulkan/project_1/build/CMakeFiles/3.23.1/CompilerIdCXX/a.exe"

Determining if the C compiler works passed with the following output:
Change Dir: D:/c_c++/learn_vulkan/project_1/build/CMakeFiles/CMakeTmp

Run Build Command(s):C:/MinGW/bin/mingw32-make.exe -f Makefile cmTC_163b0/fast && C:/MinGW/bin/mingw32-make.exe  -f CMakeFiles\cmTC_163b0.dir\build.make CMakeFiles/cmTC_163b0.dir/build
mingw32-make.exe[1]: Entering directory 'D:/c_c++/learn_vulkan/project_1/build/CMakeFiles/CMakeTmp'
Building C object CMakeFiles/cmTC_163b0.dir/testCCompiler.c.obj
C:\MinGW\bin\gcc.exe    -o CMakeFiles\cmTC_163b0.dir\testCCompiler.c.obj -c D:\c_c++\learn_vulkan\project_1\build\CMakeFiles\CMakeTmp\testCCompiler.c
Linking C executable cmTC_163b0.exe
"C:\Program Files\CMake\bin\cmake.exe" -E cmake_link_script CMakeFiles\cmTC_163b0.dir\link.txt --verbose=1
"C:\Program Files\CMake\bin\cmake.exe" -E rm -f CMakeFiles\cmTC_163b0.dir/objects.a
C:\MinGW\bin\ar.exe qc CMakeFiles\cmTC_163b0.dir/objects.a @CMakeFiles\cmTC_163b0.dir\objects1.rsp
C:\MinGW\bin\gcc.exe -Wl,--whole-archive CMakeFiles\cmTC_163b0.dir/objects.a -Wl,--no-whole-archive -o cmTC_163b0.exe -Wl,--out-implib,libcmTC_163b0.dll.a -Wl,--major-image-version,0,--minor-image-version,0 @CMakeFiles\cmTC_163b0.dir\linklibs.rsp
mingw32-make.exe[1]: Leaving directory 'D:/c_c++/learn_vulkan/project_1/build/CMakeFiles/CMakeTmp'



Determining if the CXX compiler works passed with the following output:
Change Dir: D:/c_c++/learn_vulkan/project_1/build/CMakeFiles/CMakeTmp

Run Build Command(s):C:/MinGW/bin/mingw32-make.exe -f Makefile cmTC_58633/fast && C:/MinGW/bin/mingw32-make.exe  -f CMakeFiles\cmTC_58633.dir\build.make CMakeFiles/cmTC_58633.dir/build
mingw32-make.exe[1]: Entering directory 'D:/c_c++/learn_vulkan/project_1/build/CMakeFiles/CMakeTmp'
Building CXX object CMakeFiles/cmTC_58633.dir/testCXXCompiler.cxx.obj
C:\MinGW\bin\g++.exe    -o CMakeFiles\cmTC_58633.dir\testCXXCompiler.cxx.obj -c D:\c_c++\learn_vulkan\project_1\build\CMakeFiles\CMakeTmp\testCXXCompiler.cxx
Linking CXX executable cmTC_58633.exe
"C:\Program Files\CMake\bin\cmake.exe" -E cmake_link_script CMakeFiles\cmTC_58633.dir\link.txt --verbose=1
"C:\Program Files\CMake\bin\cmake.exe" -E rm -f CMakeFiles\cmTC_58633.dir/objects.a
C:\MinGW\bin\ar.exe qc CMakeFiles\cmTC_58633.dir/objects.a @CMakeFiles\cmTC_58633.dir\objects1.rsp
C:\MinGW\bin\g++.exe -Wl,--whole-archive CMakeFiles\cmTC_58633.dir/objects.a -Wl,--no-whole-archive -o cmTC_58633.exe -Wl,--out-implib,libcmTC_58633.dll.a -Wl,--major-image-version,0,--minor-image-version,0 @CMakeFiles\cmTC_58633.dir\linklibs.rsp
mingw32-make.exe[1]: Leaving directory 'D:/c_c++/learn_vulkan/project_1/build/CMakeFiles/CMakeTmp'



